<?xml version="1.0" encoding="UTF-8"?>
<testsuites name="TSA_Halodoc_001" time="99.688" tests="1" failures="0" errors="0">
   <testsuite name="TSA_Halodoc_001" tests="1" failures="0" errors="0" time="99.688" timestamp="2020-02-24 04:04:09" hostname="admin - ISGS-FJRR.local" id="Test Suites/TSA_Halodoc_001">
      <properties>
         <property name="deviceName" value="asus ASUS_X017DA (Android 9)"/>
         <property name="devicePlatform" value=""/>
         <property name="logFolder" value="C:\\Users\\admin\\git\\HaloddocTest\\Reports\\20200224_040406\\TSA_Halodoc_001\\20200224_040407"/>
         <property name="logFiles" value="C:\\Users\\admin\\git\\HaloddocTest\\Reports\\20200224_040406\\TSA_Halodoc_001\\20200224_040407\\appium.log, C:\\Users\\admin\\git\\HaloddocTest\\Reports\\20200224_040406\\TSA_Halodoc_001\\20200224_040407\\execution0.log"/>
         <property name="attachments" value=""/>
         <property name="hostName" value="admin - ISGS-FJRR.local"/>
         <property name="os" value="Windows 10 64bit"/>
         <property name="appiumServerStatus" value="{\&quot;value\&quot;:{\&quot;build\&quot;:{\&quot;version\&quot;:\&quot;1.15.1\&quot;}},\&quot;sessionId\&quot;:null,\&quot;status\&quot;:0}"/>
         <property name="katalonVersion" value="7.1.0.1"/>
         <property name="deviceOS" value="Android"/>
         <property name="appiumVersion" value="1.15.1"/>
         <property name="deviceModel" value="ASUS_X017DA"/>
         <property name="hostAddress" value="192.168.1.5"/>
         <property name="deviceManufacturer" value="asus"/>
         <property name="deviceId" value="J4AXGF06M964C44"/>
         <property name="deviceName" value="asus ASUS_X017DA (Android 9)"/>
         <property name="deviceOSVersion" value="9"/>
      </properties>
      <testcase name="Test Cases/TestCase Scenario/TSA_001" time="99.364" classname="Test Cases/TestCase Scenario/TSA_001" status="PASSED">
         <system-out><![CDATA[2020-02-24 04:04:10 - [TEST_CASE][PASSED] - Test Cases/TestCase Scenario/TSA_001: Test Cases/TestCase Scenario/TSA_001

2020-02-24 04:04:10 - [TEST_STEP][PASSED] - callTestCase(findTestCase("TestCase Activity/Provisioning"), [:], STOP_ON_FAILURE): Call Test Case 'Test Cases/TestCase Activity/Provisioning' successfully

2020-02-24 04:04:10 - [TEST_CASE][PASSED] - Test Cases/TestCase Activity/Provisioning: Test Cases/TestCase Activity/Provisioning

2020-02-24 04:04:11 - [TEST_STEP][PASSED] - startApplication(APK, false): Started app at: 'C:\Users\admin\Documents\Prepare for New Job\halodoc\Halodoc Doctors Medicine Appointments_v6.600_apkpure.com.apk'

2020-02-24 04:04:14 - [MESSAGE][INFO] - Appium server started on port 36,035

2020-02-24 04:04:29 - [MESSAGE][PASSED] - Started app at: 'C:\Users\admin\Documents\Prepare for New Job\halodoc\Halodoc Doctors Medicine Appointments_v6.600_apkpure.com.apk'

2020-02-24 04:04:29 - [TEST_STEP][PASSED] - waitForElementPresent(findTestObject("Provisioning/txtview_NomorPonsel"), 0): Element 'Object Repository/Provisioning/txtview_NomorPonsel' is present

2020-02-24 04:04:29 - [MESSAGE][WARNING] - Timeout '0' is invalid. Using default page load timeout: '30'

2020-02-24 04:04:30 - [MESSAGE][PASSED] - Element 'Object Repository/Provisioning/txtview_NomorPonsel' is present

2020-02-24 04:04:30 - [TEST_STEP][PASSED] - tap(findTestObject("Provisioning/edittxt_NomorPonsel"), 0): Tapped on element 'Object Repository/Provisioning/edittxt_NomorPonsel'

2020-02-24 04:04:30 - [MESSAGE][WARNING] - Timeout '0' is invalid. Using default page load timeout: '30'

2020-02-24 04:04:32 - [MESSAGE][PASSED] - Tapped on element 'Object Repository/Provisioning/edittxt_NomorPonsel'

2020-02-24 04:04:32 - [TEST_STEP][PASSED] - hideKeyboard(): Keyboard is hidden

2020-02-24 04:04:35 - [MESSAGE][PASSED] - Keyboard is hidden

2020-02-24 04:04:35 - [TEST_STEP][PASSED] - setText(findTestObject("Provisioning/edittxt_PhoneNumVerif"), PhoneNum, 0): Text '081239301331' has been set to element 'Object Repository/Provisioning/edittxt_PhoneNumVerif'

2020-02-24 04:04:36 - [MESSAGE][WARNING] - Timeout '0' is invalid. Using default page load timeout: '30'

2020-02-24 04:04:37 - [MESSAGE][PASSED] - Text '081239301331' has been set to element 'Object Repository/Provisioning/edittxt_PhoneNumVerif'

2020-02-24 04:04:37 - [TEST_STEP][PASSED] - tap(findTestObject("Provisioning/btn_Verif"), 0): Tapped on element 'Object Repository/Provisioning/btn_Verif'

2020-02-24 04:04:37 - [MESSAGE][WARNING] - Timeout '0' is invalid. Using default page load timeout: '30'

2020-02-24 04:04:39 - [MESSAGE][PASSED] - Tapped on element 'Object Repository/Provisioning/btn_Verif'

2020-02-24 04:04:39 - [MESSAGE][PASSED] - Call Test Case 'Test Cases/TestCase Activity/Provisioning' successfully

2020-02-24 04:04:39 - [TEST_STEP][PASSED] - callTestCase(findTestCase("TestCase Activity/Dashboard"), [:], STOP_ON_FAILURE): Call Test Case 'Test Cases/TestCase Activity/Dashboard' successfully

2020-02-24 04:04:39 - [TEST_CASE][PASSED] - Test Cases/TestCase Activity/Dashboard: Test Cases/TestCase Activity/Dashboard

2020-02-24 04:04:39 - [TEST_STEP][PASSED] - waitForElementPresent(findTestObject("Dashboard/txtview_Dashboard"), 0): Element 'Object Repository/Dashboard/txtview_Dashboard' is present

2020-02-24 04:04:39 - [MESSAGE][WARNING] - Timeout '0' is invalid. Using default page load timeout: '30'

2020-02-24 04:04:48 - [MESSAGE][PASSED] - Element 'Object Repository/Dashboard/txtview_Dashboard' is present

2020-02-24 04:04:48 - [MESSAGE][PASSED] - Call Test Case 'Test Cases/TestCase Activity/Dashboard' successfully

2020-02-24 04:04:48 - [TEST_STEP][PASSED] - callTestCase(findTestCase("TestCase Activity/Location"), [:], STOP_ON_FAILURE): Call Test Case 'Test Cases/TestCase Activity/Location' successfully

2020-02-24 04:04:48 - [TEST_CASE][PASSED] - Test Cases/TestCase Activity/Location: Test Cases/TestCase Activity/Location

2020-02-24 04:04:48 - [TEST_STEP][PASSED] - tap(findTestObject("Dashboard/btn_ChooseLocDashboard"), 0): Tapped on element 'Object Repository/Dashboard/btn_ChooseLocDashboard'

2020-02-24 04:04:49 - [MESSAGE][WARNING] - Timeout '0' is invalid. Using default page load timeout: '30'

2020-02-24 04:04:54 - [MESSAGE][PASSED] - Tapped on element 'Object Repository/Dashboard/btn_ChooseLocDashboard'

2020-02-24 04:04:54 - [TEST_STEP][PASSED] - tap(findTestObject("Provisioning/btn_OKAddress"), 0): Tapped on element 'Object Repository/Provisioning/btn_OKAddress'

2020-02-24 04:04:54 - [MESSAGE][WARNING] - Timeout '0' is invalid. Using default page load timeout: '30'

2020-02-24 04:04:55 - [MESSAGE][PASSED] - Tapped on element 'Object Repository/Provisioning/btn_OKAddress'

2020-02-24 04:04:55 - [MESSAGE][PASSED] - Call Test Case 'Test Cases/TestCase Activity/Location' successfully

2020-02-24 04:04:55 - [TEST_STEP][PASSED] - callTestCase(findTestCase("TestCase Activity/MedicineMenu"), [:], STOP_ON_FAILURE): Call Test Case 'Test Cases/TestCase Activity/MedicineMenu' successfully

2020-02-24 04:04:55 - [TEST_CASE][PASSED] - Test Cases/TestCase Activity/MedicineMenu: Test Cases/TestCase Activity/MedicineMenu

2020-02-24 04:04:56 - [TEST_STEP][PASSED] - tap(findTestObject("Dashboard/btn_BuyMedicine"), 0): Tapped on element 'Object Repository/Dashboard/btn_BuyMedicine'

2020-02-24 04:04:56 - [MESSAGE][WARNING] - Timeout '0' is invalid. Using default page load timeout: '30'

2020-02-24 04:04:58 - [MESSAGE][PASSED] - Tapped on element 'Object Repository/Dashboard/btn_BuyMedicine'

2020-02-24 04:04:58 - [TEST_STEP][PASSED] - waitForElementPresent(findTestObject("Medicine Menu/titleview_BuyMedicine"), 0): Element 'Object Repository/Medicine Menu/titleview_BuyMedicine' is present

2020-02-24 04:04:58 - [MESSAGE][WARNING] - Timeout '0' is invalid. Using default page load timeout: '30'

2020-02-24 04:04:58 - [MESSAGE][PASSED] - Element 'Object Repository/Medicine Menu/titleview_BuyMedicine' is present

2020-02-24 04:04:58 - [TEST_STEP][PASSED] - selectListItemByLabel(findTestObject("Medicine Menu/recyclerview_MedicineMenu"), "Antibiotik", 0): Item labeled 'Antibiotik' of object 'Object Repository/Medicine Menu/recyclerview_MedicineMenu' clicked

2020-02-24 04:04:58 - [MESSAGE][WARNING] - Timeout '0' is invalid. Using default page load timeout: '30'

2020-02-24 04:05:00 - [MESSAGE][PASSED] - Item labeled 'Antibiotik' of object 'Object Repository/Medicine Menu/recyclerview_MedicineMenu' clicked

2020-02-24 04:05:00 - [MESSAGE][PASSED] - Call Test Case 'Test Cases/TestCase Activity/MedicineMenu' successfully

2020-02-24 04:05:00 - [TEST_STEP][PASSED] - callTestCase(findTestCase("TestCase Activity/ChooseMedicine"), [:], STOP_ON_FAILURE): Call Test Case 'Test Cases/TestCase Activity/ChooseMedicine' successfully

2020-02-24 04:05:00 - [TEST_CASE][PASSED] - Test Cases/TestCase Activity/ChooseMedicine: Test Cases/TestCase Activity/ChooseMedicine

2020-02-24 04:05:00 - [TEST_STEP][PASSED] - waitForElementPresent(findTestObject("Medicine Menu/ChooseMedicine/titleview_MedicineType"), 0): Element 'Object Repository/Medicine Menu/ChooseMedicine/titleview_MedicineType' is present

2020-02-24 04:05:00 - [MESSAGE][WARNING] - Timeout '0' is invalid. Using default page load timeout: '30'

2020-02-24 04:05:01 - [MESSAGE][PASSED] - Element 'Object Repository/Medicine Menu/ChooseMedicine/titleview_MedicineType' is present

2020-02-24 04:05:01 - [TEST_STEP][PASSED] - tap(findTestObject("Medicine Menu/ChooseMedicine/txtview_ProductName6"), 0): Tapped on element 'Object Repository/Medicine Menu/ChooseMedicine/txtview_ProductName6'

2020-02-24 04:05:01 - [MESSAGE][WARNING] - Timeout '0' is invalid. Using default page load timeout: '30'

2020-02-24 04:05:03 - [MESSAGE][PASSED] - Tapped on element 'Object Repository/Medicine Menu/ChooseMedicine/txtview_ProductName6'

2020-02-24 04:05:03 - [TEST_STEP][PASSED] - tap(findTestObject("Medicine Menu/ChooseMedicine/btn_AddMedicineDet"), 0): Tapped on element 'Object Repository/Medicine Menu/ChooseMedicine/btn_AddMedicineDet'

2020-02-24 04:05:03 - [MESSAGE][WARNING] - Timeout '0' is invalid. Using default page load timeout: '30'

2020-02-24 04:05:04 - [MESSAGE][PASSED] - Tapped on element 'Object Repository/Medicine Menu/ChooseMedicine/btn_AddMedicineDet'

2020-02-24 04:05:04 - [TEST_STEP][PASSED] - scrollToText("Aturan pakai", STOP_ON_FAILURE): Scrolling to text 'Aturan pakai' successfully

2020-02-24 04:05:08 - [MESSAGE][PASSED] - Scrolling to text 'Aturan pakai' successfully

2020-02-24 04:05:08 - [TEST_STEP][PASSED] - tap(findTestObject("Medicine Menu/ChooseMedicine/btn_CloseDetailMed"), 0): Tapped on element 'Object Repository/Medicine Menu/ChooseMedicine/btn_CloseDetailMed'

2020-02-24 04:05:08 - [MESSAGE][WARNING] - Timeout '0' is invalid. Using default page load timeout: '30'

2020-02-24 04:05:10 - [MESSAGE][PASSED] - Tapped on element 'Object Repository/Medicine Menu/ChooseMedicine/btn_CloseDetailMed'

2020-02-24 04:05:10 - [TEST_STEP][PASSED] - swipe(0, 10, 0, 120): Swiped from 0,10 to 0,120

2020-02-24 04:05:11 - [MESSAGE][PASSED] - Swiped from 0,10 to 0,120

2020-02-24 04:05:11 - [TEST_STEP][PASSED] - tap(findTestObject("Medicine Menu/ChooseMedicine/btn_Cart"), 0): Tapped on element 'Object Repository/Medicine Menu/ChooseMedicine/btn_Cart'

2020-02-24 04:05:11 - [MESSAGE][WARNING] - Timeout '0' is invalid. Using default page load timeout: '30'

2020-02-24 04:05:22 - [MESSAGE][PASSED] - Tapped on element 'Object Repository/Medicine Menu/ChooseMedicine/btn_Cart'

2020-02-24 04:05:22 - [MESSAGE][PASSED] - Call Test Case 'Test Cases/TestCase Activity/ChooseMedicine' successfully

2020-02-24 04:05:22 - [TEST_STEP][PASSED] - callTestCase(findTestCase("TestCase Activity/Cart"), [:], STOP_ON_FAILURE): Call Test Case 'Test Cases/TestCase Activity/Cart' successfully

2020-02-24 04:05:22 - [TEST_CASE][PASSED] - Test Cases/TestCase Activity/Cart: Test Cases/TestCase Activity/Cart

2020-02-24 04:05:23 - [TEST_STEP][PASSED] - waitForElementPresent(findTestObject("Medicine Menu/CartAndPayment/titleview_Keranjang"), 0): Element 'Object Repository/Medicine Menu/CartAndPayment/titleview_Keranjang' is present

2020-02-24 04:05:23 - [MESSAGE][WARNING] - Timeout '0' is invalid. Using default page load timeout: '30'

2020-02-24 04:05:23 - [MESSAGE][PASSED] - Element 'Object Repository/Medicine Menu/CartAndPayment/titleview_Keranjang' is present

2020-02-24 04:05:23 - [TEST_STEP][PASSED] - waitForElementPresent(findTestObject("Medicine Menu/CartAndPayment/btn_ItemCart1"), 0): Element 'Object Repository/Medicine Menu/CartAndPayment/btn_ItemCart1' is present

2020-02-24 04:05:23 - [MESSAGE][WARNING] - Timeout '0' is invalid. Using default page load timeout: '30'

2020-02-24 04:05:23 - [MESSAGE][PASSED] - Element 'Object Repository/Medicine Menu/CartAndPayment/btn_ItemCart1' is present

2020-02-24 04:05:23 - [TEST_STEP][PASSED] - waitForElementPresent(findTestObject("Medicine Menu/CartAndPayment/txtview_CurrentAddress"), 0): Element 'Object Repository/Medicine Menu/CartAndPayment/txtview_CurrentAddress' is present

2020-02-24 04:05:23 - [MESSAGE][WARNING] - Timeout '0' is invalid. Using default page load timeout: '30'

2020-02-24 04:05:23 - [MESSAGE][PASSED] - Element 'Object Repository/Medicine Menu/CartAndPayment/txtview_CurrentAddress' is present

2020-02-24 04:05:23 - [TEST_STEP][PASSED] - tap(findTestObject("Medicine Menu/CartAndPayment/btn_ContinueOrder"), 0): Tapped on element 'Object Repository/Medicine Menu/CartAndPayment/btn_ContinueOrder'

2020-02-24 04:05:24 - [MESSAGE][WARNING] - Timeout '0' is invalid. Using default page load timeout: '30'

2020-02-24 04:05:25 - [MESSAGE][PASSED] - Tapped on element 'Object Repository/Medicine Menu/CartAndPayment/btn_ContinueOrder'

2020-02-24 04:05:25 - [TEST_STEP][PASSED] - waitForElementPresent(findTestObject("Medicine Menu/CartAndPayment/titleview_Payment"), 0): Element 'Object Repository/Medicine Menu/CartAndPayment/titleview_Payment' is present

2020-02-24 04:05:25 - [MESSAGE][WARNING] - Timeout '0' is invalid. Using default page load timeout: '30'

2020-02-24 04:05:26 - [MESSAGE][PASSED] - Element 'Object Repository/Medicine Menu/CartAndPayment/titleview_Payment' is present

2020-02-24 04:05:26 - [TEST_STEP][PASSED] - waitForElementPresent(findTestObject("Medicine Menu/CartAndPayment/txtview_TotalPrice"), 0): Element 'Object Repository/Medicine Menu/CartAndPayment/txtview_TotalPrice' is present

2020-02-24 04:05:26 - [MESSAGE][WARNING] - Timeout '0' is invalid. Using default page load timeout: '30'

2020-02-24 04:05:26 - [MESSAGE][PASSED] - Element 'Object Repository/Medicine Menu/CartAndPayment/txtview_TotalPrice' is present

2020-02-24 04:05:26 - [TEST_STEP][PASSED] - tap(findTestObject("Medicine Menu/CartAndPayment/btn_GopayPayment"), 0): Tapped on element 'Object Repository/Medicine Menu/CartAndPayment/btn_GopayPayment'

2020-02-24 04:05:26 - [MESSAGE][WARNING] - Timeout '0' is invalid. Using default page load timeout: '30'

2020-02-24 04:05:28 - [MESSAGE][PASSED] - Tapped on element 'Object Repository/Medicine Menu/CartAndPayment/btn_GopayPayment'

2020-02-24 04:05:28 - [TEST_STEP][PASSED] - tap(findTestObject("Medicine Menu/btn_Back"), 0): Tapped on element 'Object Repository/Medicine Menu/btn_Back'

2020-02-24 04:05:28 - [MESSAGE][WARNING] - Timeout '0' is invalid. Using default page load timeout: '30'

2020-02-24 04:05:29 - [MESSAGE][PASSED] - Tapped on element 'Object Repository/Medicine Menu/btn_Back'

2020-02-24 04:05:29 - [TEST_STEP][PASSED] - tap(findTestObject("Medicine Menu/CartAndPayment/btn_MoreOption"), 0): Tapped on element 'Object Repository/Medicine Menu/CartAndPayment/btn_MoreOption'

2020-02-24 04:05:29 - [MESSAGE][WARNING] - Timeout '0' is invalid. Using default page load timeout: '30'

2020-02-24 04:05:31 - [MESSAGE][PASSED] - Tapped on element 'Object Repository/Medicine Menu/CartAndPayment/btn_MoreOption'

2020-02-24 04:05:31 - [TEST_STEP][PASSED] - tap(findTestObject("Medicine Menu/CartAndPayment/btn_EmptyCart"), 0): Tapped on element 'Object Repository/Medicine Menu/CartAndPayment/btn_EmptyCart'

2020-02-24 04:05:31 - [MESSAGE][WARNING] - Timeout '0' is invalid. Using default page load timeout: '30'

2020-02-24 04:05:32 - [MESSAGE][PASSED] - Tapped on element 'Object Repository/Medicine Menu/CartAndPayment/btn_EmptyCart'

2020-02-24 04:05:32 - [TEST_STEP][PASSED] - tap(findTestObject("Medicine Menu/btn_Back"), 0): Tapped on element 'Object Repository/Medicine Menu/btn_Back'

2020-02-24 04:05:32 - [MESSAGE][WARNING] - Timeout '0' is invalid. Using default page load timeout: '30'

2020-02-24 04:05:34 - [MESSAGE][PASSED] - Tapped on element 'Object Repository/Medicine Menu/btn_Back'

2020-02-24 04:05:34 - [TEST_STEP][PASSED] - tap(findTestObject("Medicine Menu/btn_Back"), 0): Tapped on element 'Object Repository/Medicine Menu/btn_Back'

2020-02-24 04:05:34 - [MESSAGE][WARNING] - Timeout '0' is invalid. Using default page load timeout: '30'

2020-02-24 04:05:36 - [MESSAGE][PASSED] - Tapped on element 'Object Repository/Medicine Menu/btn_Back'

2020-02-24 04:05:36 - [MESSAGE][PASSED] - Call Test Case 'Test Cases/TestCase Activity/Cart' successfully

2020-02-24 04:05:36 - [TEST_STEP][PASSED] - callTestCase(findTestCase("TestCase Activity/Logout"), [:], STOP_ON_FAILURE): Call Test Case 'Test Cases/TestCase Activity/Logout' successfully

2020-02-24 04:05:36 - [TEST_CASE][PASSED] - Test Cases/TestCase Activity/Logout: Test Cases/TestCase Activity/Logout

2020-02-24 04:05:36 - [TEST_STEP][PASSED] - tap(findTestObject("Dashboard/btn_More"), 0): Tapped on element 'Object Repository/Dashboard/btn_More'

2020-02-24 04:05:37 - [MESSAGE][WARNING] - Timeout '0' is invalid. Using default page load timeout: '30'

2020-02-24 04:05:38 - [MESSAGE][PASSED] - Tapped on element 'Object Repository/Dashboard/btn_More'

2020-02-24 04:05:38 - [TEST_STEP][PASSED] - tap(findTestObject("Logout/btn_Logout"), 0): Tapped on element 'Object Repository/Logout/btn_Logout'

2020-02-24 04:05:38 - [MESSAGE][WARNING] - Timeout '0' is invalid. Using default page load timeout: '30'

2020-02-24 04:05:42 - [MESSAGE][PASSED] - Tapped on element 'Object Repository/Logout/btn_Logout'

2020-02-24 04:05:42 - [TEST_STEP][PASSED] - waitForElementPresent(findTestObject("Logout/txtview_LogoutTitle"), 0): Element 'Object Repository/Logout/txtview_LogoutTitle' is present

2020-02-24 04:05:42 - [MESSAGE][WARNING] - Timeout '0' is invalid. Using default page load timeout: '30'

2020-02-24 04:05:42 - [MESSAGE][PASSED] - Element 'Object Repository/Logout/txtview_LogoutTitle' is present

2020-02-24 04:05:42 - [TEST_STEP][PASSED] - tap(findTestObject("Logout/btn_Yes"), 0): Tapped on element 'Object Repository/Logout/btn_Yes'

2020-02-24 04:05:42 - [MESSAGE][WARNING] - Timeout '0' is invalid. Using default page load timeout: '30'

2020-02-24 04:05:43 - [MESSAGE][PASSED] - Tapped on element 'Object Repository/Logout/btn_Yes'

2020-02-24 04:05:43 - [TEST_STEP][PASSED] - delay(5, STOP_ON_FAILURE): Delayed 5 second(s)

2020-02-24 04:05:48 - [MESSAGE][PASSED] - Delayed 5 second(s)

2020-02-24 04:05:48 - [TEST_STEP][PASSED] - closeApplication(): Close app successfully

2020-02-24 04:05:49 - [MESSAGE][PASSED] - Close app successfully

2020-02-24 04:05:49 - [MESSAGE][PASSED] - Call Test Case 'Test Cases/TestCase Activity/Logout' successfully]]></system-out>
         <system-err><![CDATA[]]></system-err>
      </testcase>
      <system-out><![CDATA[2020-02-24 04:04:09 - [TEST_SUITE][PASSED] - TSA_Halodoc_001: Test Cases/TestCase Scenario/TSA_001]]></system-out>
      <system-err><![CDATA[]]></system-err>
   </testsuite>
</testsuites>
